<?xml version="1.0" encoding="UTF-8"?>
<testsuite name="calculate.CalculateTest" tests="1" skipped="0" failures="0" errors="0" timestamp="2017-11-19T15:47:48" hostname="nicks-mbp-2.lan" time="0.013">
  <properties/>
  <testcase name="testCalculate" classname="calculate.CalculateTest" time="0.013"/>
  <system-out><![CDATA[hello
]]></system-out>
  <system-err><![CDATA[]]></system-err>
</testsuite>
